<?xml version="1.0" encoding="UTF-8"?>
<!-- Generated by org.testng.reporters.JUnitReportReporter -->
<testsuite skipped="0" hostname="XIPL9098" name="Dockerization.practice.YourLogoTestNG" tests="1" failures="0" timestamp="03 Jul 2018 12:58:09 GMT" time="17.304" errors="0">
  <testcase name="signInToYourLogo" time="17.304" classname="Dockerization.practice.YourLogoTestNG"/>
</testsuite> <!-- Dockerization.practice.YourLogoTestNG -->
