<?xml version="1.0" encoding="UTF-8"?>
<!-- Generated by org.testng.reporters.JUnitReportReporter -->
<testsuite skipped="0" hostname="XIPL9098" name="Dockerization.practice.YourLogoTestNG" tests="1" failures="0" timestamp="09 Jul 2018 08:23:41 GMT" time="16.856" errors="0">
  <testcase name="signInToYourLogo" time="16.856" classname="Dockerization.practice.YourLogoTestNG"/>
</testsuite> <!-- Dockerization.practice.YourLogoTestNG -->
